<?xml version="1.0" encoding="UTF-8"?>
<!-- Generated by org.testng.reporters.JUnitXMLReporter -->
<testsuite ignored="0" hostname="DESKTOP-AJ4Q4A9" failures="0" tests="7" name="Default test" time="7.145" errors="0" timestamp="2021-09-05T23:08:05 CEST">
  <testcase classname="org.payconiq.test.BookingApiTest" name="testCreateBookingEndpoint" time="2.683"/>
  <testcase classname="org.payconiq.test.BookingApiTest" name="testGetBookingByIdEndpoint" time="0.628"/>
  <testcase classname="org.payconiq.test.BookingApiTest" name="testGetBookingByIdResponse" time="0.636"/>
  <testcase classname="org.payconiq.test.BookingApiTest" name="testPartialUpdateBooking" time="0.617"/>
  <testcase classname="org.payconiq.test.BookingApiTest" name="testGetBookingIdswithoutParameters" time="0.58"/>
  <testcase classname="org.payconiq.test.BookingApiTest" name="testGetBookingIdswithParameters" time="0.583"/>
  <testcase classname="org.payconiq.test.BookingApiTest" name="testDeleteEndpoint" time="0.579"/>
</testsuite> <!-- Default test -->
