<?xml version="1.0" encoding="UTF-8"?>
<!-- Generated by org.testng.reporters.JUnitXMLReporter -->
<testsuite ignored="3" hostname="DESKTOP-AJ4Q4A9" failures="0" tests="1" name="Default test" time="1.647" errors="0" timestamp="2021-09-03T20:41:27 CEST">
  <testcase classname="org.payconiq.test.BookingApiTest" name="testDeleteEndpoint" time="1.164"/>
  <testcase classname="org.payconiq.test.BookingApiTest" name="testCreateBookingEndpoint" time="0.0">
    <ignored/>
  </testcase> <!-- testCreateBookingEndpoint -->
  <testcase classname="org.payconiq.test.BookingApiTest" name="testGetBookingByIdEndpoint" time="0.0">
    <ignored/>
  </testcase> <!-- testGetBookingByIdEndpoint -->
  <testcase classname="org.payconiq.test.BookingApiTest" name="testGetBookingIdsAndCheckParmaters" time="0.0">
    <ignored/>
  </testcase> <!-- testGetBookingIdsAndCheckParmaters -->
</testsuite> <!-- Default test -->
