<?xml version="1.0" encoding="UTF-8"?>
<testng-results ignored="0" total="2" passed="2" failed="0" skipped="0">
  <reporter-output>
  </reporter-output>
  <suite started-at="2021-09-03T16:27:44 CEST" name="Default suite" finished-at="2021-09-03T16:27:50 CEST" duration-ms="6471">
    <groups>
    </groups>
    <test started-at="2021-09-03T16:27:44 CEST" name="Default test" finished-at="2021-09-03T16:27:50 CEST" duration-ms="6471">
      <class name="org.payconiq.test.BookingApiTest">
        <test-method is-config="true" signature="setup()[pri:0, instance:org.payconiq.test.BookingApiTest@4803b726]" started-at="2021-09-03T16:27:44 CEST" name="setup" finished-at="2021-09-03T16:27:45 CEST" duration-ms="835" status="PASS">
          <reporter-output>
          </reporter-output>
        </test-method> <!-- setup -->
        <test-method signature="testCreateBookingEndpoint()[pri:0, instance:org.payconiq.test.BookingApiTest@4803b726]" started-at="2021-09-03T16:27:45 CEST" name="testCreateBookingEndpoint" finished-at="2021-09-03T16:27:50 CEST" duration-ms="4987" status="PASS">
          <reporter-output>
          </reporter-output>
        </test-method> <!-- testCreateBookingEndpoint -->
        <test-method signature="testGetBookingByIdEndpoint()[pri:0, instance:org.payconiq.test.BookingApiTest@4803b726]" started-at="2021-09-03T16:27:50 CEST" name="testGetBookingByIdEndpoint" finished-at="2021-09-03T16:27:50 CEST" duration-ms="610" status="PASS">
          <reporter-output>
          </reporter-output>
        </test-method> <!-- testGetBookingByIdEndpoint -->
      </class> <!-- org.payconiq.test.BookingApiTest -->
    </test> <!-- Default test -->
  </suite> <!-- Default suite -->
</testng-results>
